<?xml version="1.0" encoding="UTF-8"?>
<!-- Generated by org.testng.reporters.JUnitXMLReporter -->
<testsuite ignored="0" hostname="knoldus-Vostro-3500" failures="1" tests="1" name="Command line test" time="0.061" errors="0" timestamp="2021-12-30T18:27:32 IST">
  <testcase classname="KekaAttendance.TestConfig" name="@AfterMethod afterMethod" time="0.001">
    <failure type="java.lang.NullPointerException">
      <![CDATA[java.lang.NullPointerException
at KekaAttendance.TestConfig.afterMethod(TestConfig.java:46)
at java.base/java.util.ArrayList.forEach(ArrayList.java:1541)
... Removed 41 stack frames]]>
    </failure>
  </testcase> <!-- @AfterMethod afterMethod -->
  <testcase classname="KekaAttendance.TestConfig" name="KekaAttendence" time="0.037">
    <failure type="java.lang.IllegalStateException" message="The driver executable must exist: /home/knoldus/Downloads/chromedriver_linux64/chromedriver">
      <![CDATA[java.lang.IllegalStateException: The driver executable must exist: /home/knoldus/Downloads/chromedriver_linux64/chromedriver
at org.openqa.selenium.internal.Require$FileStateChecker.isFile(Require.java:315)
at org.openqa.selenium.remote.service.DriverService.checkExecutable(DriverService.java:144)
at org.openqa.selenium.remote.service.DriverService.findExecutable(DriverService.java:139)
at org.openqa.selenium.chrome.ChromeDriverService.access$000(ChromeDriverService.java:38)
at org.openqa.selenium.chrome.ChromeDriverService$Builder.findDefaultExecutable(ChromeDriverService.java:231)
at org.openqa.selenium.remote.service.DriverService$Builder.build(DriverService.java:434)
at org.openqa.selenium.chrome.ChromeDriverService.createDefaultService(ChromeDriverService.java:127)
at org.openqa.selenium.chrome.ChromeDriver.<init>(ChromeDriver.java:46)
at KekaAttendance.TestConfig.KekaAttendence(TestConfig.java:32)
at java.base/java.util.ArrayList.forEach(ArrayList.java:1541)
... Removed 36 stack frames]]>
    </failure>
  </testcase> <!-- KekaAttendence -->
</testsuite> <!-- Command line test -->
