-------------------------------------------------------------------------------
Test set: KekaAttendance.TestConfig
-------------------------------------------------------------------------------
Tests run: 2, Failures: 2, Errors: 0, Skipped: 0, Time elapsed: 0.304 sec <<< FAILURE!
KekaAttendence(KekaAttendance.TestConfig)  Time elapsed: 0.04 sec  <<< FAILURE!
java.lang.IllegalStateException: The driver executable must exist: /home/knoldus/Downloads/chromedriver_linux64/chromedriver
	at org.openqa.selenium.internal.Require$FileStateChecker.isFile(Require.java:315)
	at org.openqa.selenium.remote.service.DriverService.checkExecutable(DriverService.java:144)
	at org.openqa.selenium.remote.service.DriverService.findExecutable(DriverService.java:139)
	at org.openqa.selenium.chrome.ChromeDriverService.access$000(ChromeDriverService.java:38)
	at org.openqa.selenium.chrome.ChromeDriverService$Builder.findDefaultExecutable(ChromeDriverService.java:231)
	at org.openqa.selenium.remote.service.DriverService$Builder.build(DriverService.java:434)
	at org.openqa.selenium.chrome.ChromeDriverService.createDefaultService(ChromeDriverService.java:127)
	at org.openqa.selenium.chrome.ChromeDriver.<init>(ChromeDriver.java:46)
	at KekaAttendance.TestConfig.KekaAttendence(TestConfig.java:32)

afterMethod(KekaAttendance.TestConfig)  Time elapsed: 0.041 sec  <<< FAILURE!
java.lang.NullPointerException
	at KekaAttendance.TestConfig.afterMethod(TestConfig.java:46)

